<?xml version="1.0" encoding="UTF-8"?>
<!-- Generated by org.testng.reporters.JUnitXMLReporter -->
<testsuite ignored="0" hostname="IBM-D13GDN3" failures="3" tests="3" name="Default test" time="1.659" errors="0" timestamp="2026-01-08T19:17:45 IST">
  <testcase classname="io.cucumber.testng.AbstractTestNGCucumberTests" name="runScenario" time="0.166">
    <failure type="io.cucumber.testng.UndefinedStepException" message="The step &amp;apos;Add Place payload with &amp;quot;chinna&amp;quot; &amp;quot;telugu&amp;quot; and &amp;quot;1-64 Ndm&amp;quot;&amp;apos; and 4 other step(s) are undefined.
You can implement these steps using the snippet(s) below:

@Given(&amp;quot;Add Place payload with {string} {string} and {string}&amp;quot;)
public void add_place_payload_with_and(String string, String string2, String string3) {
    // Write code here that turns the phrase above into concrete actions
    throw new io.cucumber.java.PendingException();
}
@When(&amp;quot;user calls {string} api with Post http request&amp;quot;)
public void user_calls_api_with_post_http_request(String string) {
    // Write code here that turns the phrase above into concrete actions
    throw new io.cucumber.java.PendingException();
}
@Then(&amp;quot;API call is success with the status code {int}&amp;quot;)
public void api_call_is_success_with_the_status_code(Integer int1) {
    // Write code here that turns the phrase above into concrete actions
    throw new io.cucumber.java.PendingException();
}
@Then(&amp;quot;{string} in response body is {string}&amp;quot;)
public void in_response_body_is(String string, String string2) {
    // Write code here that turns the phrase above into concrete actions
    throw new io.cucumber.java.PendingException();
}
">
      <![CDATA[io.cucumber.testng.UndefinedStepException: The step 'Add Place payload with "chinna" "telugu" and "1-64 Ndm"' and 4 other step(s) are undefined.
You can implement these steps using the snippet(s) below:

@Given("Add Place payload with {string} {string} and {string}")
public void add_place_payload_with_and(String string, String string2, String string3) {
    // Write code here that turns the phrase above into concrete actions
    throw new io.cucumber.java.PendingException();
}
@When("user calls {string} api with Post http request")
public void user_calls_api_with_post_http_request(String string) {
    // Write code here that turns the phrase above into concrete actions
    throw new io.cucumber.java.PendingException();
}
@Then("API call is success with the status code {int}")
public void api_call_is_success_with_the_status_code(Integer int1) {
    // Write code here that turns the phrase above into concrete actions
    throw new io.cucumber.java.PendingException();
}
@Then("{string} in response body is {string}")
public void in_response_body_is(String string, String string2) {
    // Write code here that turns the phrase above into concrete actions
    throw new io.cucumber.java.PendingException();
}

at ✽.Add Place payload with "chinna" "telugu" and "1-64 Ndm"(file:///C:/Users/AkulaBhaskar/eclipse-workspace100/My-Map-API-Test-Automation/src/test/resources/features/PlaceAPI.feature:8)
]]>
    </failure>
  </testcase> <!-- runScenario -->
  <testcase classname="io.cucumber.testng.AbstractTestNGCucumberTests" name="runScenario" time="0.02">
    <failure type="io.cucumber.testng.UndefinedStepException" message="The step &amp;apos;Add Place payload with &amp;quot;chutki&amp;quot; &amp;quot;hindi&amp;quot; and &amp;quot;2-77 Db&amp;quot;&amp;apos; and 4 other step(s) are undefined.
You can implement these steps using the snippet(s) below:

@Given(&amp;quot;Add Place payload with {string} {string} and {string}&amp;quot;)
public void add_place_payload_with_and(String string, String string2, String string3) {
    // Write code here that turns the phrase above into concrete actions
    throw new io.cucumber.java.PendingException();
}
@When(&amp;quot;user calls {string} api with Post http request&amp;quot;)
public void user_calls_api_with_post_http_request(String string) {
    // Write code here that turns the phrase above into concrete actions
    throw new io.cucumber.java.PendingException();
}
@Then(&amp;quot;API call is success with the status code {int}&amp;quot;)
public void api_call_is_success_with_the_status_code(Integer int1) {
    // Write code here that turns the phrase above into concrete actions
    throw new io.cucumber.java.PendingException();
}
@Then(&amp;quot;{string} in response body is {string}&amp;quot;)
public void in_response_body_is(String string, String string2) {
    // Write code here that turns the phrase above into concrete actions
    throw new io.cucumber.java.PendingException();
}
">
      <![CDATA[io.cucumber.testng.UndefinedStepException: The step 'Add Place payload with "chutki" "hindi" and "2-77 Db"' and 4 other step(s) are undefined.
You can implement these steps using the snippet(s) below:

@Given("Add Place payload with {string} {string} and {string}")
public void add_place_payload_with_and(String string, String string2, String string3) {
    // Write code here that turns the phrase above into concrete actions
    throw new io.cucumber.java.PendingException();
}
@When("user calls {string} api with Post http request")
public void user_calls_api_with_post_http_request(String string) {
    // Write code here that turns the phrase above into concrete actions
    throw new io.cucumber.java.PendingException();
}
@Then("API call is success with the status code {int}")
public void api_call_is_success_with_the_status_code(Integer int1) {
    // Write code here that turns the phrase above into concrete actions
    throw new io.cucumber.java.PendingException();
}
@Then("{string} in response body is {string}")
public void in_response_body_is(String string, String string2) {
    // Write code here that turns the phrase above into concrete actions
    throw new io.cucumber.java.PendingException();
}

at ✽.Add Place payload with "chutki" "hindi" and "2-77 Db"(file:///C:/Users/AkulaBhaskar/eclipse-workspace100/My-Map-API-Test-Automation/src/test/resources/features/PlaceAPI.feature:8)
]]>
    </failure>
  </testcase> <!-- runScenario -->
  <testcase classname="io.cucumber.testng.AbstractTestNGCucumberTests" name="runScenario" time="0.018">
    <failure type="io.cucumber.testng.UndefinedStepException" message="The step &amp;apos;Add Place payload with &amp;quot;nanna&amp;quot; &amp;quot;kannada&amp;quot; and &amp;quot;3-65 NDM&amp;quot;&amp;apos; and 4 other step(s) are undefined.
You can implement these steps using the snippet(s) below:

@Given(&amp;quot;Add Place payload with {string} {string} and {string}&amp;quot;)
public void add_place_payload_with_and(String string, String string2, String string3) {
    // Write code here that turns the phrase above into concrete actions
    throw new io.cucumber.java.PendingException();
}
@When(&amp;quot;user calls {string} api with Post http request&amp;quot;)
public void user_calls_api_with_post_http_request(String string) {
    // Write code here that turns the phrase above into concrete actions
    throw new io.cucumber.java.PendingException();
}
@Then(&amp;quot;API call is success with the status code {int}&amp;quot;)
public void api_call_is_success_with_the_status_code(Integer int1) {
    // Write code here that turns the phrase above into concrete actions
    throw new io.cucumber.java.PendingException();
}
@Then(&amp;quot;{string} in response body is {string}&amp;quot;)
public void in_response_body_is(String string, String string2) {
    // Write code here that turns the phrase above into concrete actions
    throw new io.cucumber.java.PendingException();
}
">
      <![CDATA[io.cucumber.testng.UndefinedStepException: The step 'Add Place payload with "nanna" "kannada" and "3-65 NDM"' and 4 other step(s) are undefined.
You can implement these steps using the snippet(s) below:

@Given("Add Place payload with {string} {string} and {string}")
public void add_place_payload_with_and(String string, String string2, String string3) {
    // Write code here that turns the phrase above into concrete actions
    throw new io.cucumber.java.PendingException();
}
@When("user calls {string} api with Post http request")
public void user_calls_api_with_post_http_request(String string) {
    // Write code here that turns the phrase above into concrete actions
    throw new io.cucumber.java.PendingException();
}
@Then("API call is success with the status code {int}")
public void api_call_is_success_with_the_status_code(Integer int1) {
    // Write code here that turns the phrase above into concrete actions
    throw new io.cucumber.java.PendingException();
}
@Then("{string} in response body is {string}")
public void in_response_body_is(String string, String string2) {
    // Write code here that turns the phrase above into concrete actions
    throw new io.cucumber.java.PendingException();
}

at ✽.Add Place payload with "nanna" "kannada" and "3-65 NDM"(file:///C:/Users/AkulaBhaskar/eclipse-workspace100/My-Map-API-Test-Automation/src/test/resources/features/PlaceAPI.feature:8)
]]>
    </failure>
  </testcase> <!-- runScenario -->
</testsuite> <!-- Default test -->
