<?xml version="1.0" encoding="UTF-8"?>
<testsuite xmlns:xsi="http://www.w3.org/2001/XMLSchema-instance" xsi:noNamespaceSchemaLocation="https://maven.apache.org/surefire/maven-surefire-plugin/xsd/surefire-test-report-3.0.xsd" version="3.0" name="runners.TestRunner" time="5.172" tests="2" errors="0" skipped="0" failures="0">
  <properties>
[...]
</properties>
  <testcase name="runScenario[&quot;Add place api call with a valid address&quot;, &quot;Google Map Place API calls&quot;](1)" classname="runners.TestRunner" time="3.81">
    <system-out><![CDATA[
@AddPlace
Scenario Outline: Add place api call with a valid address         # src/test/resources/features/PlaceAPI.feature:17
  ✔ Given Add Place payload with "chinna" "telugu" and "1-64 Ndm" # stepdefinitions.PlaceAPISteps.add_place_payload_with_and(java.lang.String,java.lang.String,java.lang.String)
  ✔ When user calls "ADD_PLACE" api with Post http request        # stepdefinitions.PlaceAPISteps.user_calls_api_with_http_request(java.lang.String)
  ✔ Then API call is success with the status code 200             # stepdefinitions.PlaceAPISteps.api_call_is_success_with_the_status_code(java.lang.Integer)
  ✔ And "status" in response body is "OK"                         # stepdefinitions.PlaceAPISteps.in_response_body_is(java.lang.String,java.lang.String)
  ✔ And "scope" in response body is "APP"                         # stepdefinitions.PlaceAPISteps.in_response_body_is(java.lang.String,java.lang.String)
]]></system-out>
    <system-err><![CDATA[SLF4J(W): No SLF4J providers were found.
SLF4J(W): Defaulting to no-operation (NOP) logger implementation
SLF4J(W): See https://www.slf4j.org/codes.html#noProviders for further details.
]]></system-err>
  </testcase>
  <testcase name="runScenario[&quot;Add place api call with a valid address&quot;, &quot;Google Map Place API calls&quot;](2)" classname="runners.TestRunner" time="0.231">
    <system-out><![CDATA[
@AddPlace
Scenario Outline: Add place api call with a valid address      # src/test/resources/features/PlaceAPI.feature:18
  ✔ Given Add Place payload with "kanna" "hindi" and "2-77 Db" # stepdefinitions.PlaceAPISteps.add_place_payload_with_and(java.lang.String,java.lang.String,java.lang.String)
  ✔ When user calls "ADD_PLACE" api with Post http request     # stepdefinitions.PlaceAPISteps.user_calls_api_with_http_request(java.lang.String)
  ✔ Then API call is success with the status code 200          # stepdefinitions.PlaceAPISteps.api_call_is_success_with_the_status_code(java.lang.Integer)
  ✔ And "status" in response body is "OK"                      # stepdefinitions.PlaceAPISteps.in_response_body_is(java.lang.String,java.lang.String)
  ✔ And "scope" in response body is "APP"                      # stepdefinitions.PlaceAPISteps.in_response_body_is(java.lang.String,java.lang.String)
]]></system-out>
  </testcase>
</testsuite>