<?xml version="1.0" encoding="UTF-8"?>
<testng-results ignored="0" total="2" passed="2" failed="0" skipped="0">
  <reporter-output>
  </reporter-output>
  <suite started-at="2026-01-08T18:11:07 IST" name="Default suite" finished-at="2026-01-08T18:11:12 IST" duration-ms="5252">
    <groups>
      <group name="cucumber">
        <method signature="AbstractTestNGCucumberTests.runScenario(io.cucumber.testng.PickleWrapper,io.cucumber.testng.FeatureWrapper)[pri:0, instance:runners.TestRunner@183ec003]" name="runScenario" class="io.cucumber.testng.AbstractTestNGCucumberTests"/>
      </group> <!-- cucumber -->
    </groups>
    <test started-at="2026-01-08T18:11:07 IST" name="Default test" finished-at="2026-01-08T18:11:12 IST" duration-ms="5252">
      <class name="runners.TestRunner">
        <test-method is-config="true" signature="setUpClass(org.testng.ITestContext)[pri:0, instance:runners.TestRunner@183ec003]" started-at="2026-01-08T18:11:07 IST" name="setUpClass" finished-at="2026-01-08T18:11:08 IST" duration-ms="792" status="PASS">
          <params>
            <param index="0">
              <value>
                <![CDATA[org.testng.TestRunner@283e1759]]>
              </value>
            </param>
          </params>
          <reporter-output>
          </reporter-output>
        </test-method> <!-- setUpClass -->
        <test-method signature="runScenario(io.cucumber.testng.PickleWrapper,io.cucumber.testng.FeatureWrapper)[pri:0, instance:runners.TestRunner@183ec003]" started-at="2026-01-08T18:11:08 IST" name="runScenario" description="Runs Cucumber Scenarios" data-provider="scenarios" finished-at="2026-01-08T18:11:12 IST" duration-ms="4022" status="PASS">
          <params>
            <param index="0">
              <value>
                <![CDATA["Add place api call with a valid address"]]>
              </value>
            </param>
            <param index="1">
              <value>
                <![CDATA["Google Map Place API calls"]]>
              </value>
            </param>
          </params>
          <reporter-output>
          </reporter-output>
        </test-method> <!-- runScenario -->
        <test-method signature="runScenario(io.cucumber.testng.PickleWrapper,io.cucumber.testng.FeatureWrapper)[pri:0, instance:runners.TestRunner@183ec003]" started-at="2026-01-08T18:11:12 IST" name="runScenario" description="Runs Cucumber Scenarios" data-provider="scenarios" finished-at="2026-01-08T18:11:12 IST" duration-ms="244" status="PASS">
          <params>
            <param index="0">
              <value>
                <![CDATA["Add place api call with a valid address"]]>
              </value>
            </param>
            <param index="1">
              <value>
                <![CDATA["Google Map Place API calls"]]>
              </value>
            </param>
          </params>
          <reporter-output>
          </reporter-output>
        </test-method> <!-- runScenario -->
        <test-method is-config="true" signature="tearDownClass()[pri:0, instance:runners.TestRunner@183ec003]" started-at="2026-01-08T18:11:12 IST" name="tearDownClass" finished-at="2026-01-08T18:11:12 IST" duration-ms="135" status="PASS">
          <reporter-output>
          </reporter-output>
        </test-method> <!-- tearDownClass -->
      </class> <!-- runners.TestRunner -->
    </test> <!-- Default test -->
  </suite> <!-- Default suite -->
</testng-results>
