<?xml version="1.0" encoding="UTF-8"?>
<!-- Generated by org.testng.reporters.JUnitReportReporter -->
<testsuite hostname="IBM-D13GDN3" failures="0" tests="3" name="runners.TestRunner" time="0.204" errors="3" timestamp="2026-01-08T19:17:45 IST" skipped="0">
  <testcase classname="runners.TestRunner" name="runScenario" time="0.018">
    <error message="The step &#039;Add Place payload with &quot;nanna&quot; &quot;kannada&quot; and &quot;3-65 NDM&quot;&#039; and 4 other step(s) are undefined.
You can implement these steps using the snippet(s) below:

@Given(&quot;Add Place payload with {string} {string} and {string}&quot;)
public void add_place_payload_with_and(String string, String string2, String string3) {
    // Write code here that turns the phrase above into concrete actions
    throw new io.cucumber.java.PendingException();
}
@When(&quot;user calls {string} api with Post http request&quot;)
public void user_calls_api_with_post_http_request(String string) {
    // Write code here that turns the phrase above into concrete actions
    throw new io.cucumber.java.PendingException();
}
@Then(&quot;API call is success with the status code {int}&quot;)
public void api_call_is_success_with_the_status_code(Integer int1) {
    // Write code here that turns the phrase above into concrete actions
    throw new io.cucumber.java.PendingException();
}
@Then(&quot;{string} in response body is {string}&quot;)
public void in_response_body_is(String string, String string2) {
    // Write code here that turns the phrase above into concrete actions
    throw new io.cucumber.java.PendingException();
}
" type="io.cucumber.testng.UndefinedStepException">
      <![CDATA[io.cucumber.testng.UndefinedStepException: The step 'Add Place payload with "nanna" "kannada" and "3-65 NDM"' and 4 other step(s) are undefined.
You can implement these steps using the snippet(s) below:

@Given("Add Place payload with {string} {string} and {string}")
public void add_place_payload_with_and(String string, String string2, String string3) {
    // Write code here that turns the phrase above into concrete actions
    throw new io.cucumber.java.PendingException();
}
@When("user calls {string} api with Post http request")
public void user_calls_api_with_post_http_request(String string) {
    // Write code here that turns the phrase above into concrete actions
    throw new io.cucumber.java.PendingException();
}
@Then("API call is success with the status code {int}")
public void api_call_is_success_with_the_status_code(Integer int1) {
    // Write code here that turns the phrase above into concrete actions
    throw new io.cucumber.java.PendingException();
}
@Then("{string} in response body is {string}")
public void in_response_body_is(String string, String string2) {
    // Write code here that turns the phrase above into concrete actions
    throw new io.cucumber.java.PendingException();
}

at ✽.Add Place payload with "nanna" "kannada" and "3-65 NDM"(file:///C:/Users/AkulaBhaskar/eclipse-workspace100/My-Map-API-Test-Automation/src/test/resources/features/PlaceAPI.feature:8)
]]>
    </error>
  </testcase> <!-- runScenario -->
  <testcase classname="runners.TestRunner" name="runScenario" time="0.020">
    <error message="The step &#039;Add Place payload with &quot;chutki&quot; &quot;hindi&quot; and &quot;2-77 Db&quot;&#039; and 4 other step(s) are undefined.
You can implement these steps using the snippet(s) below:

@Given(&quot;Add Place payload with {string} {string} and {string}&quot;)
public void add_place_payload_with_and(String string, String string2, String string3) {
    // Write code here that turns the phrase above into concrete actions
    throw new io.cucumber.java.PendingException();
}
@When(&quot;user calls {string} api with Post http request&quot;)
public void user_calls_api_with_post_http_request(String string) {
    // Write code here that turns the phrase above into concrete actions
    throw new io.cucumber.java.PendingException();
}
@Then(&quot;API call is success with the status code {int}&quot;)
public void api_call_is_success_with_the_status_code(Integer int1) {
    // Write code here that turns the phrase above into concrete actions
    throw new io.cucumber.java.PendingException();
}
@Then(&quot;{string} in response body is {string}&quot;)
public void in_response_body_is(String string, String string2) {
    // Write code here that turns the phrase above into concrete actions
    throw new io.cucumber.java.PendingException();
}
" type="io.cucumber.testng.UndefinedStepException">
      <![CDATA[io.cucumber.testng.UndefinedStepException: The step 'Add Place payload with "chutki" "hindi" and "2-77 Db"' and 4 other step(s) are undefined.
You can implement these steps using the snippet(s) below:

@Given("Add Place payload with {string} {string} and {string}")
public void add_place_payload_with_and(String string, String string2, String string3) {
    // Write code here that turns the phrase above into concrete actions
    throw new io.cucumber.java.PendingException();
}
@When("user calls {string} api with Post http request")
public void user_calls_api_with_post_http_request(String string) {
    // Write code here that turns the phrase above into concrete actions
    throw new io.cucumber.java.PendingException();
}
@Then("API call is success with the status code {int}")
public void api_call_is_success_with_the_status_code(Integer int1) {
    // Write code here that turns the phrase above into concrete actions
    throw new io.cucumber.java.PendingException();
}
@Then("{string} in response body is {string}")
public void in_response_body_is(String string, String string2) {
    // Write code here that turns the phrase above into concrete actions
    throw new io.cucumber.java.PendingException();
}

at ✽.Add Place payload with "chutki" "hindi" and "2-77 Db"(file:///C:/Users/AkulaBhaskar/eclipse-workspace100/My-Map-API-Test-Automation/src/test/resources/features/PlaceAPI.feature:8)
]]>
    </error>
  </testcase> <!-- runScenario -->
  <testcase classname="runners.TestRunner" name="runScenario" time="0.166">
    <error message="The step &#039;Add Place payload with &quot;chinna&quot; &quot;telugu&quot; and &quot;1-64 Ndm&quot;&#039; and 4 other step(s) are undefined.
You can implement these steps using the snippet(s) below:

@Given(&quot;Add Place payload with {string} {string} and {string}&quot;)
public void add_place_payload_with_and(String string, String string2, String string3) {
    // Write code here that turns the phrase above into concrete actions
    throw new io.cucumber.java.PendingException();
}
@When(&quot;user calls {string} api with Post http request&quot;)
public void user_calls_api_with_post_http_request(String string) {
    // Write code here that turns the phrase above into concrete actions
    throw new io.cucumber.java.PendingException();
}
@Then(&quot;API call is success with the status code {int}&quot;)
public void api_call_is_success_with_the_status_code(Integer int1) {
    // Write code here that turns the phrase above into concrete actions
    throw new io.cucumber.java.PendingException();
}
@Then(&quot;{string} in response body is {string}&quot;)
public void in_response_body_is(String string, String string2) {
    // Write code here that turns the phrase above into concrete actions
    throw new io.cucumber.java.PendingException();
}
" type="io.cucumber.testng.UndefinedStepException">
      <![CDATA[io.cucumber.testng.UndefinedStepException: The step 'Add Place payload with "chinna" "telugu" and "1-64 Ndm"' and 4 other step(s) are undefined.
You can implement these steps using the snippet(s) below:

@Given("Add Place payload with {string} {string} and {string}")
public void add_place_payload_with_and(String string, String string2, String string3) {
    // Write code here that turns the phrase above into concrete actions
    throw new io.cucumber.java.PendingException();
}
@When("user calls {string} api with Post http request")
public void user_calls_api_with_post_http_request(String string) {
    // Write code here that turns the phrase above into concrete actions
    throw new io.cucumber.java.PendingException();
}
@Then("API call is success with the status code {int}")
public void api_call_is_success_with_the_status_code(Integer int1) {
    // Write code here that turns the phrase above into concrete actions
    throw new io.cucumber.java.PendingException();
}
@Then("{string} in response body is {string}")
public void in_response_body_is(String string, String string2) {
    // Write code here that turns the phrase above into concrete actions
    throw new io.cucumber.java.PendingException();
}

at ✽.Add Place payload with "chinna" "telugu" and "1-64 Ndm"(file:///C:/Users/AkulaBhaskar/eclipse-workspace100/My-Map-API-Test-Automation/src/test/resources/features/PlaceAPI.feature:8)
]]>
    </error>
  </testcase> <!-- runScenario -->
</testsuite> <!-- runners.TestRunner -->
